Scrape started 2025-12-10T06:17:02.752809
[2025-12-10 06:17:04] SUCCESS: 143543 (Mirror Now) date=10/12/2025 saved=today/mirror-now.json
[2025-12-10 06:17:04] SUCCESS: 142521 (ABP Majha) date=10/12/2025 saved=today/abp-majha.json
[2025-12-10 06:17:05] SUCCESS: 143197 (India Today) date=10/12/2025 saved=today/india-today.json
[2025-12-10 06:17:05] SUCCESS: 158251 (DD India) date=10/12/2025 saved=today/dd-india.json
[2025-12-10 06:17:05] SUCCESS: 143888 (Surya TV) date=10/12/2025 saved=today/surya-tv.json
[2025-12-10 06:17:05] SUCCESS: 143723 (Republic TV) date=10/12/2025 saved=today/republic-tv.json
[2025-12-10 06:17:05] SUCCESS: 142743 (CNBC TV18) date=10/12/2025 saved=today/cnbc-tv18.json
[2025-12-10 06:17:05] SUCCESS: 143558 (MTV) date=10/12/2025 saved=today/mtv.json
[2025-12-10 06:17:05] SUCCESS: 143021 (ET Now) date=10/12/2025 saved=today/et-now.json
[2025-12-10 06:17:05] SUCCESS: 143133 (History TV18 HD) date=10/12/2025 saved=today/history-tv18-hd.json
[2025-12-10 06:17:06] SUCCESS: 157590 (Sony Max) date=10/12/2025 saved=today/sony-max.json
[2025-12-10 06:17:06] SUCCESS: 117852 (Sun TV) date=10/12/2025 saved=today/sun-tv.json
[2025-12-10 06:17:06] SUCCESS: 143663 (Pogo) date=10/12/2025 saved=today/pogo.json
[2025-12-10 06:17:06] SUCCESS: 144480 (Zee UP UK) date=10/12/2025 saved=today/zee-up-uk.json
[2025-12-10 06:17:07] SUCCESS: 142771 (Dangal) date=10/12/2025 saved=today/dangal.json
[2025-12-10 06:17:07] SUCCESS: 159298 (Zee News) date=10/12/2025 saved=today/zee-news.json
[2025-12-10 06:17:07] SUCCESS: 157600 (ZOOM) date=10/12/2025 saved=today/zoom.json
[2025-12-10 06:17:08] SUCCESS: 157578 (Colors Infinity SD) date=10/12/2025 saved=today/colors-infinity-sd.json
[2025-12-10 06:17:08] SUCCESS: 157580 (Colors Marathi SD) date=10/12/2025 saved=today/colors-marathi-sd.json
[2025-12-10 06:17:08] SUCCESS: 142748 (Colors Bangla Cinema) date=10/12/2025 saved=today/colors-bangla-cinema.json
[2025-12-10 06:17:08] SUCCESS: 157579 (Colors Kannada Cinema) date=10/12/2025 saved=today/colors-kannada-cinema.json
[2025-12-10 06:17:08] SUCCESS: 158141 (B4U Music) date=10/12/2025 saved=today/b4u-music.json
[2025-12-10 06:17:08] SUCCESS: 142751 (Colors Gujarati Cinema) date=10/12/2025 saved=today/colors-gujarati-cinema.json
[2025-12-10 06:17:08] SUCCESS: 158146 (Colors Cineplex) date=10/12/2025 saved=today/colors-cineplex.json
[2025-12-10 06:17:09] SUCCESS: 143030 (ETV Plus) date=10/12/2025 saved=today/etv-plus.json
[2025-12-10 06:17:09] SUCCESS: 142800 (DD Punjabi) date=10/12/2025 saved=today/dd-punjabi.json
[2025-12-10 06:17:09] SUCCESS: 144087 (WION) date=10/12/2025 saved=today/wion.json
[2025-12-10 06:17:10] SUCCESS: 142401 (Russia Today) date=10/12/2025 saved=today/russia-today.json
[2025-12-10 06:17:10] SUCCESS: 158023 (TLC) date=10/12/2025 saved=today/tlc.json
[2025-12-10 06:17:10] SUCCESS: 154897 (NTV) date=10/12/2025 saved=today/ntv.json
[2025-12-10 06:17:10] SUCCESS: 157591 (SONY SPORTS TEN1) date=10/12/2025 saved=today/sony-sports-ten1.json
[2025-12-10 06:17:10] SUCCESS: 142650 (Argus News) date=10/12/2025 saved=today/argus-news.json
[2025-12-10 06:17:10] SUCCESS: 158142 (BBC World News) date=10/12/2025 saved=today/bbc-world-news.json
[2025-12-10 06:17:10] SUCCESS: 160750 (ALL Time MOVIES) date=10/12/2025 saved=today/all-time-movies.json
[2025-12-10 06:17:11] SUCCESS: 159011 (Discovery Kids) date=10/12/2025 saved=today/discovery-kids.json
[2025-12-10 06:17:11] SUCCESS: 142694 (B4U Bhojpuri) date=10/12/2025 saved=today/b4u-bhojpuri.json
[2025-12-10 06:17:11] SUCCESS: 142683 (Assam Talks) date=10/12/2025 saved=today/assam-talks.json
[2025-12-10 06:17:11] SUCCESS: 157576 (Cartoon Network) date=10/12/2025 saved=today/cartoon-network.json
[2025-12-10 06:17:11] SUCCESS: 77447 (9XM) date=10/12/2025 saved=today/9xm.json
[2025-12-10 06:17:12] SUCCESS: 140063 (B4U Movies) date=10/12/2025 saved=today/b4u-movies.json
[2025-12-10 06:17:12] SUCCESS: 143820 (Star Kiran) date=10/12/2025 saved=today/star-kiran.json
[2025-12-10 06:17:12] SUCCESS: 142504 (9X Tashan) date=10/12/2025 saved=today/9x-tashan.json
[2025-12-10 06:17:12] SUCCESS: 142715 (Big Magic) date=10/12/2025 saved=today/big-magic.json
[2025-12-10 06:17:12] SUCCESS: 158138 (ABP News) date=10/12/2025 saved=today/abp-news.json
[2025-12-10 06:17:12] SUCCESS: 142639 (&Privé HD) date=10/12/2025 saved=today/privé-hd.json
[2025-12-10 06:17:13] SUCCESS: 90012 (9X Jhakaas) date=10/12/2025 saved=today/9x-jhakaas.json
[2025-12-10 06:17:13] SUCCESS: 142507 (Aaj Tak) date=10/12/2025 saved=today/aaj-tak.json
[2025-12-10 06:17:13] SUCCESS: 142636 (And Flix HD) date=10/12/2025 saved=today/and-flix-hd.json
[2025-12-10 06:17:13] SUCCESS: 143271 (Kolkata TV) date=10/12/2025 saved=today/kolkata-tv.json
[2025-12-10 06:17:13] SUCCESS: 142510 (Aakash Aath) date=10/12/2025 saved=today/aakash-aath.json
[2025-12-10 06:17:13] SUCCESS: 144026 (TV9 Bangla) date=10/12/2025 saved=today/tv9-bangla.json
[2025-12-10 06:17:13] SUCCESS: 144431 (Zee 24 Ghanta) date=10/12/2025 saved=today/zee-24-ghanta.json
[2025-12-10 06:17:13] SUCCESS: 157968 (Sony Aath) date=10/12/2025 saved=today/sony-aath.json
[2025-12-10 06:17:14] SUCCESS: 142778 (DD Bangla) date=10/12/2025 saved=today/dd-bangla.json
[2025-12-10 06:17:14] SUCCESS: 143218 (Jalsha Movies) date=10/12/2025 saved=today/jalsha-movies.json
[2025-12-10 06:17:14] SUCCESS: 144028 (TV9 Gujarati) date=10/12/2025 saved=today/tv9-gujarati.json
[2025-12-10 06:17:14] SUCCESS: 142519 (ABP Asmita) date=10/12/2025 saved=today/abp-asmita.json
[2025-12-10 06:17:14] SUCCESS: 144432 (Zee 24 Kalak) date=10/12/2025 saved=today/zee-24-kalak.json
[2025-12-10 06:17:15] SUCCESS: 143818 (Star Jalsha) date=10/12/2025 saved=today/star-jalsha.json
[2025-12-10 06:17:15] SUCCESS: 142518 (ABP Ananda) date=10/12/2025 saved=today/abp-ananda.json
[2025-12-10 06:17:15] SUCCESS: 158148 (Colors Gujarati) date=10/12/2025 saved=today/colors-gujarati.json
[2025-12-10 06:17:15] SUCCESS: 117853 (Zee Bangla) date=10/12/2025 saved=today/zee-bangla.json
[2025-12-10 06:17:15] SUCCESS: 159125 (Sony SAB) date=10/12/2025 saved=today/sony-sab.json
[2025-12-10 06:17:15] SUCCESS: 157577 (Colors Bangla) date=10/12/2025 saved=today/colors-bangla.json
[2025-12-10 06:17:16] SUCCESS: 157589 (Sony) date=10/12/2025 saved=today/sony.json
[2025-12-10 06:17:16] SUCCESS: 159130 (Star Bharat) date=10/12/2025 saved=today/star-bharat.json
[2025-12-10 06:17:16] SUCCESS: 158144 (Colors) date=10/12/2025 saved=today/colors.json
[2025-12-10 06:17:16] SUCCESS: 144478 (Zee TV) date=10/12/2025 saved=today/zee-tv.json
[2025-12-10 06:17:16] SUCCESS: 142630 (Alankar) date=10/12/2025 saved=today/alankar.json
[2025-12-10 06:17:16] SUCCESS: 143831 (Star Plus) date=10/12/2025 saved=today/star-plus.json
[2025-12-10 06:17:17] SUCCESS: 142495 (10TV) date=10/12/2025 saved=today/10tv.json
[2025-12-10 06:17:17] SUCCESS: 158136 (Aastha Telugu) date=10/12/2025 saved=today/aastha-telugu.json
[2025-12-10 06:17:17] SUCCESS: 158134 (Aastha Kannada) date=10/12/2025 saved=today/aastha-kannada.json
[2025-12-10 06:17:17] SUCCESS: 142514 (Aastha Bhajan) date=10/12/2025 saved=today/aastha-bhajan.json
[2025-12-10 06:17:17] SUCCESS: 158135 (Aastha Gujarati) date=10/12/2025 saved=today/aastha-gujarati.json
[2025-12-10 06:17:17] SUCCESS: 158133 (Aastha) date=10/12/2025 saved=today/aastha.json
[2025-12-10 06:17:17] SUCCESS: 142517 (ABN Andhra Jyothy) date=10/12/2025 saved=today/abn-andhra-jyothy.json
[2025-12-10 06:17:18] SUCCESS: 142521 (ABP Majha) date=11/12/2025 saved=tomorrow/abp-majha.json
[2025-12-10 06:17:18] SUCCESS: 142743 (CNBC TV18) date=11/12/2025 saved=tomorrow/cnbc-tv18.json
[2025-12-10 06:17:18] SUCCESS: 143133 (History TV18 HD) date=11/12/2025 saved=tomorrow/history-tv18-hd.json
[2025-12-10 06:17:18] SUCCESS: 143021 (ET Now) date=11/12/2025 saved=tomorrow/et-now.json
[2025-12-10 06:17:18] SUCCESS: 143543 (Mirror Now) date=11/12/2025 saved=tomorrow/mirror-now.json
[2025-12-10 06:17:18] SUCCESS: 143197 (India Today) date=11/12/2025 saved=tomorrow/india-today.json
[2025-12-10 06:17:19] SUCCESS: 143723 (Republic TV) date=11/12/2025 saved=tomorrow/republic-tv.json
[2025-12-10 06:17:19] SUCCESS: 158251 (DD India) date=11/12/2025 saved=tomorrow/dd-india.json
[2025-12-10 06:17:19] SUCCESS: 143558 (MTV) date=11/12/2025 saved=tomorrow/mtv.json
[2025-12-10 06:17:19] SUCCESS: 143888 (Surya TV) date=11/12/2025 saved=tomorrow/surya-tv.json
[2025-12-10 06:17:19] SUCCESS: 157590 (Sony Max) date=11/12/2025 saved=tomorrow/sony-max.json
[2025-12-10 06:17:19] SUCCESS: 117852 (Sun TV) date=11/12/2025 saved=tomorrow/sun-tv.json
[2025-12-10 06:17:19] SUCCESS: 143663 (Pogo) date=11/12/2025 saved=tomorrow/pogo.json
[2025-12-10 06:17:19] SUCCESS: 159298 (Zee News) date=11/12/2025 saved=tomorrow/zee-news.json
[2025-12-10 06:17:20] SUCCESS: 144480 (Zee UP UK) date=11/12/2025 saved=tomorrow/zee-up-uk.json
[2025-12-10 06:17:20] SUCCESS: 157600 (ZOOM) date=11/12/2025 saved=tomorrow/zoom.json
[2025-12-10 06:17:20] SUCCESS: 142771 (Dangal) date=11/12/2025 saved=tomorrow/dangal.json
[2025-12-10 06:17:20] SUCCESS: 157580 (Colors Marathi SD) date=11/12/2025 saved=tomorrow/colors-marathi-sd.json
[2025-12-10 06:17:20] SUCCESS: 157579 (Colors Kannada Cinema) date=11/12/2025 saved=tomorrow/colors-kannada-cinema.json
[2025-12-10 06:17:20] SUCCESS: 158141 (B4U Music) date=11/12/2025 saved=tomorrow/b4u-music.json
[2025-12-10 06:17:21] SUCCESS: 157578 (Colors Infinity SD) date=11/12/2025 saved=tomorrow/colors-infinity-sd.json
[2025-12-10 06:17:21] SUCCESS: 142751 (Colors Gujarati Cinema) date=11/12/2025 saved=tomorrow/colors-gujarati-cinema.json
[2025-12-10 06:17:21] SUCCESS: 158146 (Colors Cineplex) date=11/12/2025 saved=tomorrow/colors-cineplex.json
[2025-12-10 06:17:21] SUCCESS: 142748 (Colors Bangla Cinema) date=11/12/2025 saved=tomorrow/colors-bangla-cinema.json
[2025-12-10 06:17:21] SUCCESS: 142800 (DD Punjabi) date=11/12/2025 saved=tomorrow/dd-punjabi.json
[2025-12-10 06:17:21] SUCCESS: 143030 (ETV Plus) date=11/12/2025 saved=tomorrow/etv-plus.json
[2025-12-10 06:17:22] SUCCESS: 144087 (WION) date=11/12/2025 saved=tomorrow/wion.json
[2025-12-10 06:17:22] SUCCESS: 142401 (Russia Today) date=11/12/2025 saved=tomorrow/russia-today.json
[2025-12-10 06:17:22] SUCCESS: 158023 (TLC) date=11/12/2025 saved=tomorrow/tlc.json
[2025-12-10 06:17:22] SUCCESS: 154897 (NTV) date=11/12/2025 saved=tomorrow/ntv.json
[2025-12-10 06:17:22] SUCCESS: 157591 (SONY SPORTS TEN1) date=11/12/2025 saved=tomorrow/sony-sports-ten1.json
[2025-12-10 06:17:22] SUCCESS: 158142 (BBC World News) date=11/12/2025 saved=tomorrow/bbc-world-news.json
[2025-12-10 06:17:22] SUCCESS: 160750 (ALL Time MOVIES) date=11/12/2025 saved=tomorrow/all-time-movies.json
[2025-12-10 06:17:23] SUCCESS: 159011 (Discovery Kids) date=11/12/2025 saved=tomorrow/discovery-kids.json
[2025-12-10 06:17:23] SUCCESS: 142650 (Argus News) date=11/12/2025 saved=tomorrow/argus-news.json
[2025-12-10 06:17:23] SUCCESS: 142694 (B4U Bhojpuri) date=11/12/2025 saved=tomorrow/b4u-bhojpuri.json
[2025-12-10 06:17:23] SUCCESS: 142683 (Assam Talks) date=11/12/2025 saved=tomorrow/assam-talks.json
[2025-12-10 06:17:23] SUCCESS: 140063 (B4U Movies) date=11/12/2025 saved=tomorrow/b4u-movies.json
[2025-12-10 06:17:23] SUCCESS: 142715 (Big Magic) date=11/12/2025 saved=tomorrow/big-magic.json
[2025-12-10 06:17:23] SUCCESS: 157576 (Cartoon Network) date=11/12/2025 saved=tomorrow/cartoon-network.json
[2025-12-10 06:17:23] SUCCESS: 158138 (ABP News) date=11/12/2025 saved=tomorrow/abp-news.json
[2025-12-10 06:17:24] SUCCESS: 77447 (9XM) date=11/12/2025 saved=tomorrow/9xm.json
[2025-12-10 06:17:24] SUCCESS: 142639 (&Privé HD) date=11/12/2025 saved=tomorrow/privé-hd.json
[2025-12-10 06:17:24] SUCCESS: 142636 (And Flix HD) date=11/12/2025 saved=tomorrow/and-flix-hd.json
[2025-12-10 06:17:24] SUCCESS: 90012 (9X Jhakaas) date=11/12/2025 saved=tomorrow/9x-jhakaas.json
[2025-12-10 06:17:25] SUCCESS: 143820 (Star Kiran) date=11/12/2025 saved=tomorrow/star-kiran.json
[2025-12-10 06:17:25] SUCCESS: 142504 (9X Tashan) date=11/12/2025 saved=tomorrow/9x-tashan.json
[2025-12-10 06:17:25] SUCCESS: 142507 (Aaj Tak) date=11/12/2025 saved=tomorrow/aaj-tak.json
[2025-12-10 06:17:25] SUCCESS: 143271 (Kolkata TV) date=11/12/2025 saved=tomorrow/kolkata-tv.json
[2025-12-10 06:17:25] SUCCESS: 143218 (Jalsha Movies) date=11/12/2025 saved=tomorrow/jalsha-movies.json
[2025-12-10 06:17:25] SUCCESS: 142510 (Aakash Aath) date=11/12/2025 saved=tomorrow/aakash-aath.json
[2025-12-10 06:17:25] SUCCESS: 144431 (Zee 24 Ghanta) date=11/12/2025 saved=tomorrow/zee-24-ghanta.json
[2025-12-10 06:17:25] SUCCESS: 144026 (TV9 Bangla) date=11/12/2025 saved=tomorrow/tv9-bangla.json
[2025-12-10 06:17:26] SUCCESS: 157968 (Sony Aath) date=11/12/2025 saved=tomorrow/sony-aath.json
[2025-12-10 06:17:26] SUCCESS: 144028 (TV9 Gujarati) date=11/12/2025 saved=tomorrow/tv9-gujarati.json
[2025-12-10 06:17:26] SUCCESS: 142519 (ABP Asmita) date=11/12/2025 saved=tomorrow/abp-asmita.json
[2025-12-10 06:17:26] SUCCESS: 144432 (Zee 24 Kalak) date=11/12/2025 saved=tomorrow/zee-24-kalak.json
[2025-12-10 06:17:26] SUCCESS: 142518 (ABP Ananda) date=11/12/2025 saved=tomorrow/abp-ananda.json
[2025-12-10 06:17:27] SUCCESS: 157577 (Colors Bangla) date=11/12/2025 saved=tomorrow/colors-bangla.json
[2025-12-10 06:17:27] SUCCESS: 142778 (DD Bangla) date=11/12/2025 saved=tomorrow/dd-bangla.json
[2025-12-10 06:17:27] SUCCESS: 143818 (Star Jalsha) date=11/12/2025 saved=tomorrow/star-jalsha.json
[2025-12-10 06:17:27] SUCCESS: 158148 (Colors Gujarati) date=11/12/2025 saved=tomorrow/colors-gujarati.json
[2025-12-10 06:17:27] SUCCESS: 117853 (Zee Bangla) date=11/12/2025 saved=tomorrow/zee-bangla.json
[2025-12-10 06:17:27] SUCCESS: 159125 (Sony SAB) date=11/12/2025 saved=tomorrow/sony-sab.json
[2025-12-10 06:17:27] SUCCESS: 158144 (Colors) date=11/12/2025 saved=tomorrow/colors.json
[2025-12-10 06:17:27] SUCCESS: 157589 (Sony) date=11/12/2025 saved=tomorrow/sony.json
[2025-12-10 06:17:28] SUCCESS: 144478 (Zee TV) date=11/12/2025 saved=tomorrow/zee-tv.json
[2025-12-10 06:17:28] SUCCESS: 159130 (Star Bharat) date=11/12/2025 saved=tomorrow/star-bharat.json
[2025-12-10 06:17:28] SUCCESS: 142630 (Alankar) date=11/12/2025 saved=tomorrow/alankar.json
[2025-12-10 06:17:28] SUCCESS: 143831 (Star Plus) date=11/12/2025 saved=tomorrow/star-plus.json
[2025-12-10 06:17:28] SUCCESS: 142495 (10TV) date=11/12/2025 saved=tomorrow/10tv.json
[2025-12-10 06:17:28] SUCCESS: 142517 (ABN Andhra Jyothy) date=11/12/2025 saved=tomorrow/abn-andhra-jyothy.json
[2025-12-10 06:17:29] SUCCESS: 158136 (Aastha Telugu) date=11/12/2025 saved=tomorrow/aastha-telugu.json
[2025-12-10 06:17:29] SUCCESS: 158134 (Aastha Kannada) date=11/12/2025 saved=tomorrow/aastha-kannada.json
[2025-12-10 06:17:29] SUCCESS: 158135 (Aastha Gujarati) date=11/12/2025 saved=tomorrow/aastha-gujarati.json
[2025-12-10 06:17:29] SUCCESS: 142514 (Aastha Bhajan) date=11/12/2025 saved=tomorrow/aastha-bhajan.json
[2025-12-10 06:17:29] SUCCESS: 158133 (Aastha) date=11/12/2025 saved=tomorrow/aastha.json
