Scrape started 2025-12-14T00:54:14.868784
[2025-12-14 00:54:16] SUCCESS: 143021 (ET Now) date=14/12/2025 saved=today/et-now.json
[2025-12-14 00:54:16] SUCCESS: 143543 (Mirror Now) date=14/12/2025 saved=today/mirror-now.json
[2025-12-14 00:54:16] SUCCESS: 142521 (ABP Majha) date=14/12/2025 saved=today/abp-majha.json
[2025-12-14 00:54:17] SUCCESS: 143558 (MTV) date=14/12/2025 saved=today/mtv.json
[2025-12-14 00:54:17] SUCCESS: 143723 (Republic TV) date=14/12/2025 saved=today/republic-tv.json
[2025-12-14 00:54:17] SUCCESS: 143197 (India Today) date=14/12/2025 saved=today/india-today.json
[2025-12-14 00:54:17] SUCCESS: 142743 (CNBC TV18) date=14/12/2025 saved=today/cnbc-tv18.json
[2025-12-14 00:54:17] SUCCESS: 143888 (Surya TV) date=14/12/2025 saved=today/surya-tv.json
[2025-12-14 00:54:17] SUCCESS: 143133 (History TV18 HD) date=14/12/2025 saved=today/history-tv18-hd.json
[2025-12-14 00:54:17] SUCCESS: 158251 (DD India) date=14/12/2025 saved=today/dd-india.json
[2025-12-14 00:54:18] SUCCESS: 157590 (Sony Max) date=14/12/2025 saved=today/sony-max.json
[2025-12-14 00:54:18] SUCCESS: 117852 (Sun TV) date=14/12/2025 saved=today/sun-tv.json
[2025-12-14 00:54:18] SUCCESS: 143663 (Pogo) date=14/12/2025 saved=today/pogo.json
[2025-12-14 00:54:19] SUCCESS: 142771 (Dangal) date=14/12/2025 saved=today/dangal.json
[2025-12-14 00:54:19] SUCCESS: 159298 (Zee News) date=14/12/2025 saved=today/zee-news.json
[2025-12-14 00:54:19] SUCCESS: 157600 (ZOOM) date=14/12/2025 saved=today/zoom.json
[2025-12-14 00:54:19] SUCCESS: 144480 (Zee UP UK) date=14/12/2025 saved=today/zee-up-uk.json
[2025-12-14 00:54:19] SUCCESS: 157579 (Colors Kannada Cinema) date=14/12/2025 saved=today/colors-kannada-cinema.json
[2025-12-14 00:54:19] SUCCESS: 157580 (Colors Marathi SD) date=14/12/2025 saved=today/colors-marathi-sd.json
[2025-12-14 00:54:19] SUCCESS: 157578 (Colors Infinity SD) date=14/12/2025 saved=today/colors-infinity-sd.json
[2025-12-14 00:54:20] SUCCESS: 158141 (B4U Music) date=14/12/2025 saved=today/b4u-music.json
[2025-12-14 00:54:20] SUCCESS: 142751 (Colors Gujarati Cinema) date=14/12/2025 saved=today/colors-gujarati-cinema.json
[2025-12-14 00:54:21] SUCCESS: 142748 (Colors Bangla Cinema) date=14/12/2025 saved=today/colors-bangla-cinema.json
[2025-12-14 00:54:21] SUCCESS: 158146 (Colors Cineplex) date=14/12/2025 saved=today/colors-cineplex.json
[2025-12-14 00:54:21] SUCCESS: 144087 (WION) date=14/12/2025 saved=today/wion.json
[2025-12-14 00:54:21] SUCCESS: 143030 (ETV Plus) date=14/12/2025 saved=today/etv-plus.json
[2025-12-14 00:54:21] SUCCESS: 142800 (DD Punjabi) date=14/12/2025 saved=today/dd-punjabi.json
[2025-12-14 00:54:21] SUCCESS: 142401 (Russia Today) date=14/12/2025 saved=today/russia-today.json
[2025-12-14 00:54:21] SUCCESS: 158023 (TLC) date=14/12/2025 saved=today/tlc.json
[2025-12-14 00:54:21] SUCCESS: 154897 (NTV) date=14/12/2025 saved=today/ntv.json
[2025-12-14 00:54:22] SUCCESS: 158142 (BBC World News) date=14/12/2025 saved=today/bbc-world-news.json
[2025-12-14 00:54:22] SUCCESS: 160750 (ALL Time MOVIES) date=14/12/2025 saved=today/all-time-movies.json
[2025-12-14 00:54:22] SUCCESS: 157591 (SONY SPORTS TEN1) date=14/12/2025 saved=today/sony-sports-ten1.json
[2025-12-14 00:54:23] SUCCESS: 159011 (Discovery Kids) date=14/12/2025 saved=today/discovery-kids.json
[2025-12-14 00:54:23] SUCCESS: 142650 (Argus News) date=14/12/2025 saved=today/argus-news.json
[2025-12-14 00:54:23] SUCCESS: 142694 (B4U Bhojpuri) date=14/12/2025 saved=today/b4u-bhojpuri.json
[2025-12-14 00:54:23] SUCCESS: 140063 (B4U Movies) date=14/12/2025 saved=today/b4u-movies.json
[2025-12-14 00:54:23] SUCCESS: 142683 (Assam Talks) date=14/12/2025 saved=today/assam-talks.json
[2025-12-14 00:54:23] SUCCESS: 142715 (Big Magic) date=14/12/2025 saved=today/big-magic.json
[2025-12-14 00:54:23] SUCCESS: 157576 (Cartoon Network) date=14/12/2025 saved=today/cartoon-network.json
[2025-12-14 00:54:24] SUCCESS: 158138 (ABP News) date=14/12/2025 saved=today/abp-news.json
[2025-12-14 00:54:24] SUCCESS: 142507 (Aaj Tak) date=14/12/2025 saved=today/aaj-tak.json
[2025-12-14 00:54:24] SUCCESS: 143820 (Star Kiran) date=14/12/2025 saved=today/star-kiran.json
[2025-12-14 00:54:24] SUCCESS: 77447 (9XM) date=14/12/2025 saved=today/9xm.json
[2025-12-14 00:54:24] SUCCESS: 142636 (And Flix HD) date=14/12/2025 saved=today/and-flix-hd.json
[2025-12-14 00:54:24] SUCCESS: 142504 (9X Tashan) date=14/12/2025 saved=today/9x-tashan.json
[2025-12-14 00:54:24] SUCCESS: 90012 (9X Jhakaas) date=14/12/2025 saved=today/9x-jhakaas.json
[2025-12-14 00:54:24] SUCCESS: 142639 (&Privé HD) date=14/12/2025 saved=today/privé-hd.json
[2025-12-14 00:54:24] SUCCESS: 143271 (Kolkata TV) date=14/12/2025 saved=today/kolkata-tv.json
[2025-12-14 00:54:24] SUCCESS: 143218 (Jalsha Movies) date=14/12/2025 saved=today/jalsha-movies.json
[2025-12-14 00:54:25] SUCCESS: 142510 (Aakash Aath) date=14/12/2025 saved=today/aakash-aath.json
[2025-12-14 00:54:25] SUCCESS: 144431 (Zee 24 Ghanta) date=14/12/2025 saved=today/zee-24-ghanta.json
[2025-12-14 00:54:25] SUCCESS: 144026 (TV9 Bangla) date=14/12/2025 saved=today/tv9-bangla.json
[2025-12-14 00:54:25] SUCCESS: 157968 (Sony Aath) date=14/12/2025 saved=today/sony-aath.json
[2025-12-14 00:54:25] SUCCESS: 142778 (DD Bangla) date=14/12/2025 saved=today/dd-bangla.json
[2025-12-14 00:54:25] SUCCESS: 144028 (TV9 Gujarati) date=14/12/2025 saved=today/tv9-gujarati.json
[2025-12-14 00:54:25] SUCCESS: 144432 (Zee 24 Kalak) date=14/12/2025 saved=today/zee-24-kalak.json
[2025-12-14 00:54:25] SUCCESS: 142519 (ABP Asmita) date=14/12/2025 saved=today/abp-asmita.json
[2025-12-14 00:54:26] SUCCESS: 143818 (Star Jalsha) date=14/12/2025 saved=today/star-jalsha.json
[2025-12-14 00:54:26] SUCCESS: 157577 (Colors Bangla) date=14/12/2025 saved=today/colors-bangla.json
[2025-12-14 00:54:26] SUCCESS: 158148 (Colors Gujarati) date=14/12/2025 saved=today/colors-gujarati.json
[2025-12-14 00:54:26] SUCCESS: 142518 (ABP Ananda) date=14/12/2025 saved=today/abp-ananda.json
[2025-12-14 00:54:26] SUCCESS: 159125 (Sony SAB) date=14/12/2025 saved=today/sony-sab.json
[2025-12-14 00:54:26] SUCCESS: 117853 (Zee Bangla) date=14/12/2025 saved=today/zee-bangla.json
[2025-12-14 00:54:26] SUCCESS: 157589 (Sony) date=14/12/2025 saved=today/sony.json
[2025-12-14 00:54:26] SUCCESS: 158144 (Colors) date=14/12/2025 saved=today/colors.json
[2025-12-14 00:54:27] SUCCESS: 144478 (Zee TV) date=14/12/2025 saved=today/zee-tv.json
[2025-12-14 00:54:27] SUCCESS: 159130 (Star Bharat) date=14/12/2025 saved=today/star-bharat.json
[2025-12-14 00:54:27] SUCCESS: 142630 (Alankar) date=14/12/2025 saved=today/alankar.json
[2025-12-14 00:54:27] SUCCESS: 158136 (Aastha Telugu) date=14/12/2025 saved=today/aastha-telugu.json
[2025-12-14 00:54:28] SUCCESS: 158134 (Aastha Kannada) date=14/12/2025 saved=today/aastha-kannada.json
[2025-12-14 00:54:28] SUCCESS: 143831 (Star Plus) date=14/12/2025 saved=today/star-plus.json
[2025-12-14 00:54:28] SUCCESS: 158133 (Aastha) date=14/12/2025 saved=today/aastha.json
[2025-12-14 00:54:28] SUCCESS: 158135 (Aastha Gujarati) date=14/12/2025 saved=today/aastha-gujarati.json
[2025-12-14 00:54:28] SUCCESS: 142514 (Aastha Bhajan) date=14/12/2025 saved=today/aastha-bhajan.json
[2025-12-14 00:54:28] SUCCESS: 142517 (ABN Andhra Jyothy) date=14/12/2025 saved=today/abn-andhra-jyothy.json
[2025-12-14 00:54:28] SUCCESS: 142495 (10TV) date=14/12/2025 saved=today/10tv.json
[2025-12-14 00:54:28] SUCCESS: 142521 (ABP Majha) date=15/12/2025 saved=tomorrow/abp-majha.json
[2025-12-14 00:54:29] SUCCESS: 142743 (CNBC TV18) date=15/12/2025 saved=tomorrow/cnbc-tv18.json
[2025-12-14 00:54:29] SUCCESS: 143133 (History TV18 HD) date=15/12/2025 saved=tomorrow/history-tv18-hd.json
[2025-12-14 00:54:29] SUCCESS: 143021 (ET Now) date=15/12/2025 saved=tomorrow/et-now.json
[2025-12-14 00:54:29] SUCCESS: 143543 (Mirror Now) date=15/12/2025 saved=tomorrow/mirror-now.json
[2025-12-14 00:54:29] SUCCESS: 143197 (India Today) date=15/12/2025 saved=tomorrow/india-today.json
[2025-12-14 00:54:29] SUCCESS: 143558 (MTV) date=15/12/2025 saved=tomorrow/mtv.json
[2025-12-14 00:54:29] SUCCESS: 158251 (DD India) date=15/12/2025 saved=tomorrow/dd-india.json
[2025-12-14 00:54:29] SUCCESS: 143723 (Republic TV) date=15/12/2025 saved=tomorrow/republic-tv.json
[2025-12-14 00:54:30] SUCCESS: 117852 (Sun TV) date=15/12/2025 saved=tomorrow/sun-tv.json
[2025-12-14 00:54:30] SUCCESS: 143888 (Surya TV) date=15/12/2025 saved=tomorrow/surya-tv.json
[2025-12-14 00:54:30] SUCCESS: 143663 (Pogo) date=15/12/2025 saved=tomorrow/pogo.json
[2025-12-14 00:54:30] SUCCESS: 157590 (Sony Max) date=15/12/2025 saved=tomorrow/sony-max.json
[2025-12-14 00:54:30] SUCCESS: 159298 (Zee News) date=15/12/2025 saved=tomorrow/zee-news.json
[2025-12-14 00:54:30] SUCCESS: 142771 (Dangal) date=15/12/2025 saved=tomorrow/dangal.json
[2025-12-14 00:54:30] SUCCESS: 144480 (Zee UP UK) date=15/12/2025 saved=tomorrow/zee-up-uk.json
[2025-12-14 00:54:30] SUCCESS: 157600 (ZOOM) date=15/12/2025 saved=tomorrow/zoom.json
[2025-12-14 00:54:30] SUCCESS: 157580 (Colors Marathi SD) date=15/12/2025 saved=tomorrow/colors-marathi-sd.json
[2025-12-14 00:54:31] SUCCESS: 157578 (Colors Infinity SD) date=15/12/2025 saved=tomorrow/colors-infinity-sd.json
[2025-12-14 00:54:31] SUCCESS: 158141 (B4U Music) date=15/12/2025 saved=tomorrow/b4u-music.json
[2025-12-14 00:54:31] SUCCESS: 142751 (Colors Gujarati Cinema) date=15/12/2025 saved=tomorrow/colors-gujarati-cinema.json
[2025-12-14 00:54:31] SUCCESS: 142748 (Colors Bangla Cinema) date=15/12/2025 saved=tomorrow/colors-bangla-cinema.json
[2025-12-14 00:54:31] SUCCESS: 158146 (Colors Cineplex) date=15/12/2025 saved=tomorrow/colors-cineplex.json
[2025-12-14 00:54:31] SUCCESS: 143030 (ETV Plus) date=15/12/2025 saved=tomorrow/etv-plus.json
[2025-12-14 00:54:31] SUCCESS: 142800 (DD Punjabi) date=15/12/2025 saved=tomorrow/dd-punjabi.json
[2025-12-14 00:54:32] SUCCESS: 158023 (TLC) date=15/12/2025 saved=tomorrow/tlc.json
[2025-12-14 00:54:32] SUCCESS: 157579 (Colors Kannada Cinema) date=15/12/2025 saved=tomorrow/colors-kannada-cinema.json
[2025-12-14 00:54:32] SUCCESS: 142401 (Russia Today) date=15/12/2025 saved=tomorrow/russia-today.json
[2025-12-14 00:54:32] SUCCESS: 144087 (WION) date=15/12/2025 saved=tomorrow/wion.json
[2025-12-14 00:54:32] SUCCESS: 158142 (BBC World News) date=15/12/2025 saved=tomorrow/bbc-world-news.json
[2025-12-14 00:54:32] SUCCESS: 159011 (Discovery Kids) date=15/12/2025 saved=tomorrow/discovery-kids.json
[2025-12-14 00:54:33] SUCCESS: 154897 (NTV) date=15/12/2025 saved=tomorrow/ntv.json
[2025-12-14 00:54:33] SUCCESS: 160750 (ALL Time MOVIES) date=15/12/2025 saved=tomorrow/all-time-movies.json
[2025-12-14 00:54:33] SUCCESS: 142650 (Argus News) date=15/12/2025 saved=tomorrow/argus-news.json
[2025-12-14 00:54:33] SUCCESS: 142683 (Assam Talks) date=15/12/2025 saved=tomorrow/assam-talks.json
[2025-12-14 00:54:33] SUCCESS: 142694 (B4U Bhojpuri) date=15/12/2025 saved=tomorrow/b4u-bhojpuri.json
[2025-12-14 00:54:33] SUCCESS: 157591 (SONY SPORTS TEN1) date=15/12/2025 saved=tomorrow/sony-sports-ten1.json
[2025-12-14 00:54:33] SUCCESS: 140063 (B4U Movies) date=15/12/2025 saved=tomorrow/b4u-movies.json
[2025-12-14 00:54:33] SUCCESS: 157576 (Cartoon Network) date=15/12/2025 saved=tomorrow/cartoon-network.json
[2025-12-14 00:54:33] SUCCESS: 142715 (Big Magic) date=15/12/2025 saved=tomorrow/big-magic.json
[2025-12-14 00:54:34] SUCCESS: 158138 (ABP News) date=15/12/2025 saved=tomorrow/abp-news.json
[2025-12-14 00:54:34] SUCCESS: 77447 (9XM) date=15/12/2025 saved=tomorrow/9xm.json
[2025-12-14 00:54:34] SUCCESS: 143820 (Star Kiran) date=15/12/2025 saved=tomorrow/star-kiran.json
[2025-12-14 00:54:34] SUCCESS: 142507 (Aaj Tak) date=15/12/2025 saved=tomorrow/aaj-tak.json
[2025-12-14 00:54:34] SUCCESS: 142504 (9X Tashan) date=15/12/2025 saved=tomorrow/9x-tashan.json
[2025-12-14 00:54:34] SUCCESS: 142636 (And Flix HD) date=15/12/2025 saved=tomorrow/and-flix-hd.json
[2025-12-14 00:54:34] SUCCESS: 142639 (&Privé HD) date=15/12/2025 saved=tomorrow/privé-hd.json
[2025-12-14 00:54:34] SUCCESS: 90012 (9X Jhakaas) date=15/12/2025 saved=tomorrow/9x-jhakaas.json
[2025-12-14 00:54:34] SUCCESS: 143271 (Kolkata TV) date=15/12/2025 saved=tomorrow/kolkata-tv.json
[2025-12-14 00:54:35] SUCCESS: 143218 (Jalsha Movies) date=15/12/2025 saved=tomorrow/jalsha-movies.json
[2025-12-14 00:54:35] SUCCESS: 142510 (Aakash Aath) date=15/12/2025 saved=tomorrow/aakash-aath.json
[2025-12-14 00:54:35] SUCCESS: 144431 (Zee 24 Ghanta) date=15/12/2025 saved=tomorrow/zee-24-ghanta.json
[2025-12-14 00:54:35] SUCCESS: 144026 (TV9 Bangla) date=15/12/2025 saved=tomorrow/tv9-bangla.json
[2025-12-14 00:54:35] SUCCESS: 157968 (Sony Aath) date=15/12/2025 saved=tomorrow/sony-aath.json
[2025-12-14 00:54:35] SUCCESS: 142519 (ABP Asmita) date=15/12/2025 saved=tomorrow/abp-asmita.json
[2025-12-14 00:54:35] SUCCESS: 144028 (TV9 Gujarati) date=15/12/2025 saved=tomorrow/tv9-gujarati.json
[2025-12-14 00:54:35] SUCCESS: 142778 (DD Bangla) date=15/12/2025 saved=tomorrow/dd-bangla.json
[2025-12-14 00:54:36] SUCCESS: 142518 (ABP Ananda) date=15/12/2025 saved=tomorrow/abp-ananda.json
[2025-12-14 00:54:36] SUCCESS: 144432 (Zee 24 Kalak) date=15/12/2025 saved=tomorrow/zee-24-kalak.json
[2025-12-14 00:54:36] SUCCESS: 143818 (Star Jalsha) date=15/12/2025 saved=tomorrow/star-jalsha.json
[2025-12-14 00:54:36] SUCCESS: 157577 (Colors Bangla) date=15/12/2025 saved=tomorrow/colors-bangla.json
[2025-12-14 00:54:36] SUCCESS: 117853 (Zee Bangla) date=15/12/2025 saved=tomorrow/zee-bangla.json
[2025-12-14 00:54:36] SUCCESS: 158148 (Colors Gujarati) date=15/12/2025 saved=tomorrow/colors-gujarati.json
[2025-12-14 00:54:36] SUCCESS: 159125 (Sony SAB) date=15/12/2025 saved=tomorrow/sony-sab.json
[2025-12-14 00:54:36] SUCCESS: 158144 (Colors) date=15/12/2025 saved=tomorrow/colors.json
[2025-12-14 00:54:37] SUCCESS: 144478 (Zee TV) date=15/12/2025 saved=tomorrow/zee-tv.json
[2025-12-14 00:54:37] SUCCESS: 159130 (Star Bharat) date=15/12/2025 saved=tomorrow/star-bharat.json
[2025-12-14 00:54:37] SUCCESS: 142630 (Alankar) date=15/12/2025 saved=tomorrow/alankar.json
[2025-12-14 00:54:37] SUCCESS: 143831 (Star Plus) date=15/12/2025 saved=tomorrow/star-plus.json
[2025-12-14 00:54:37] SUCCESS: 157589 (Sony) date=15/12/2025 saved=tomorrow/sony.json
[2025-12-14 00:54:37] SUCCESS: 142495 (10TV) date=15/12/2025 saved=tomorrow/10tv.json
[2025-12-14 00:54:37] SUCCESS: 158136 (Aastha Telugu) date=15/12/2025 saved=tomorrow/aastha-telugu.json
[2025-12-14 00:54:37] SUCCESS: 158134 (Aastha Kannada) date=15/12/2025 saved=tomorrow/aastha-kannada.json
[2025-12-14 00:54:38] SUCCESS: 142517 (ABN Andhra Jyothy) date=15/12/2025 saved=tomorrow/abn-andhra-jyothy.json
[2025-12-14 00:54:38] SUCCESS: 158135 (Aastha Gujarati) date=15/12/2025 saved=tomorrow/aastha-gujarati.json
[2025-12-14 00:54:38] SUCCESS: 158133 (Aastha) date=15/12/2025 saved=tomorrow/aastha.json
[2025-12-14 00:54:38] SUCCESS: 142514 (Aastha Bhajan) date=15/12/2025 saved=tomorrow/aastha-bhajan.json
