Scrape started 2025-12-03T12:42:31.091654
[2025-12-03 12:42:32] SUCCESS: 143197 (India Today) date=03/12/2025 saved=today/india-today.json
[2025-12-03 12:42:32] SUCCESS: 143723 (Republic TV) date=03/12/2025 saved=today/republic-tv.json
[2025-12-03 12:42:33] SUCCESS: 143543 (Mirror Now) date=03/12/2025 saved=today/mirror-now.json
[2025-12-03 12:42:33] SUCCESS: 142743 (CNBC TV18) date=03/12/2025 saved=today/cnbc-tv18.json
[2025-12-03 12:42:33] SUCCESS: 143021 (ET Now) date=03/12/2025 saved=today/et-now.json
[2025-12-03 12:42:33] SUCCESS: 142521 (ABP Majha) date=03/12/2025 saved=today/abp-majha.json
[2025-12-03 12:42:33] SUCCESS: 143888 (Surya TV) date=03/12/2025 saved=today/surya-tv.json
[2025-12-03 12:42:33] SUCCESS: 158251 (DD India) date=03/12/2025 saved=today/dd-india.json
[2025-12-03 12:42:33] SUCCESS: 143558 (MTV) date=03/12/2025 saved=today/mtv.json
[2025-12-03 12:42:33] SUCCESS: 143133 (History TV18 HD) date=03/12/2025 saved=today/history-tv18-hd.json
[2025-12-03 12:42:34] SUCCESS: 157590 (Sony Max) date=03/12/2025 saved=today/sony-max.json
[2025-12-03 12:42:34] SUCCESS: 143663 (Pogo) date=03/12/2025 saved=today/pogo.json
[2025-12-03 12:42:34] SUCCESS: 117852 (Sun TV) date=03/12/2025 saved=today/sun-tv.json
[2025-12-03 12:42:34] SUCCESS: 159298 (Zee News) date=03/12/2025 saved=today/zee-news.json
[2025-12-03 12:42:35] SUCCESS: 157600 (ZOOM) date=03/12/2025 saved=today/zoom.json
[2025-12-03 12:42:35] SUCCESS: 142771 (Dangal) date=03/12/2025 saved=today/dangal.json
[2025-12-03 12:42:35] SUCCESS: 144480 (Zee UP UK) date=03/12/2025 saved=today/zee-up-uk.json
[2025-12-03 12:42:35] SUCCESS: 157578 (Colors Infinity SD) date=03/12/2025 saved=today/colors-infinity-sd.json
[2025-12-03 12:42:35] SUCCESS: 157579 (Colors Kannada Cinema) date=03/12/2025 saved=today/colors-kannada-cinema.json
[2025-12-03 12:42:36] SUCCESS: 158141 (B4U Music) date=03/12/2025 saved=today/b4u-music.json
[2025-12-03 12:42:36] SUCCESS: 142800 (DD Punjabi) date=03/12/2025 saved=today/dd-punjabi.json
[2025-12-03 12:42:36] SUCCESS: 142751 (Colors Gujarati Cinema) date=03/12/2025 saved=today/colors-gujarati-cinema.json
[2025-12-03 12:42:36] SUCCESS: 158146 (Colors Cineplex) date=03/12/2025 saved=today/colors-cineplex.json
[2025-12-03 12:42:36] SUCCESS: 142748 (Colors Bangla Cinema) date=03/12/2025 saved=today/colors-bangla-cinema.json
[2025-12-03 12:42:37] SUCCESS: 143030 (ETV Plus) date=03/12/2025 saved=today/etv-plus.json
[2025-12-03 12:42:37] SUCCESS: 144087 (WION) date=03/12/2025 saved=today/wion.json
[2025-12-03 12:42:37] SUCCESS: 158023 (TLC) date=03/12/2025 saved=today/tlc.json
[2025-12-03 12:42:37] SUCCESS: 142401 (Russia Today) date=03/12/2025 saved=today/russia-today.json
[2025-12-03 12:42:37] SUCCESS: 158142 (BBC World News) date=03/12/2025 saved=today/bbc-world-news.json
[2025-12-03 12:42:38] SUCCESS: 159011 (Discovery Kids) date=03/12/2025 saved=today/discovery-kids.json
[2025-12-03 12:42:38] SUCCESS: 154897 (NTV) date=03/12/2025 saved=today/ntv.json
[2025-12-03 12:42:38] SUCCESS: 157591 (SONY SPORTS TEN1) date=03/12/2025 saved=today/sony-sports-ten1.json
[2025-12-03 12:42:38] SUCCESS: 142694 (B4U Bhojpuri) date=03/12/2025 saved=today/b4u-bhojpuri.json
[2025-12-03 12:42:38] SUCCESS: 160750 (ALL Time MOVIES) date=03/12/2025 saved=today/all-time-movies.json
[2025-12-03 12:42:38] SUCCESS: 142683 (Assam Talks) date=03/12/2025 saved=today/assam-talks.json
[2025-12-03 12:42:38] SUCCESS: 140063 (B4U Movies) date=03/12/2025 saved=today/b4u-movies.json
[2025-12-03 12:42:39] SUCCESS: 142650 (Argus News) date=03/12/2025 saved=today/argus-news.json
[2025-12-03 12:42:39] SUCCESS: 158138 (ABP News) date=03/12/2025 saved=today/abp-news.json
[2025-12-03 12:42:39] SUCCESS: 77447 (9XM) date=03/12/2025 saved=today/9xm.json
[2025-12-03 12:42:39] SUCCESS: 143820 (Star Kiran) date=03/12/2025 saved=today/star-kiran.json
[2025-12-03 12:42:39] SUCCESS: 157576 (Cartoon Network) date=03/12/2025 saved=today/cartoon-network.json
[2025-12-03 12:42:40] SUCCESS: 142715 (Big Magic) date=03/12/2025 saved=today/big-magic.json
[2025-12-03 12:42:40] SUCCESS: 142504 (9X Tashan) date=03/12/2025 saved=today/9x-tashan.json
[2025-12-03 12:42:40] SUCCESS: 142639 (&Privé HD) date=03/12/2025 saved=today/privé-hd.json
[2025-12-03 12:42:40] SUCCESS: 90012 (9X Jhakaas) date=03/12/2025 saved=today/9x-jhakaas.json
[2025-12-03 12:42:40] SUCCESS: 143271 (Kolkata TV) date=03/12/2025 saved=today/kolkata-tv.json
[2025-12-03 12:42:40] SUCCESS: 142636 (And Flix HD) date=03/12/2025 saved=today/and-flix-hd.json
[2025-12-03 12:42:40] SUCCESS: 142507 (Aaj Tak) date=03/12/2025 saved=today/aaj-tak.json
[2025-12-03 12:42:41] SUCCESS: 143218 (Jalsha Movies) date=03/12/2025 saved=today/jalsha-movies.json
[2025-12-03 12:42:41] SUCCESS: 142510 (Aakash Aath) date=03/12/2025 saved=today/aakash-aath.json
[2025-12-03 12:42:41] SUCCESS: 144026 (TV9 Bangla) date=03/12/2025 saved=today/tv9-bangla.json
[2025-12-03 12:42:41] SUCCESS: 144431 (Zee 24 Ghanta) date=03/12/2025 saved=today/zee-24-ghanta.json
[2025-12-03 12:42:41] SUCCESS: 157968 (Sony Aath) date=03/12/2025 saved=today/sony-aath.json
[2025-12-03 12:42:41] SUCCESS: 142778 (DD Bangla) date=03/12/2025 saved=today/dd-bangla.json
[2025-12-03 12:42:42] SUCCESS: 144028 (TV9 Gujarati) date=03/12/2025 saved=today/tv9-gujarati.json
[2025-12-03 12:42:42] SUCCESS: 144432 (Zee 24 Kalak) date=03/12/2025 saved=today/zee-24-kalak.json
[2025-12-03 12:42:42] SUCCESS: 142519 (ABP Asmita) date=03/12/2025 saved=today/abp-asmita.json
[2025-12-03 12:42:42] SUCCESS: 157577 (Colors Bangla) date=03/12/2025 saved=today/colors-bangla.json
[2025-12-03 12:42:42] SUCCESS: 143818 (Star Jalsha) date=03/12/2025 saved=today/star-jalsha.json
[2025-12-03 12:42:42] SUCCESS: 142518 (ABP Ananda) date=03/12/2025 saved=today/abp-ananda.json
[2025-12-03 12:42:42] SUCCESS: 158148 (Colors Gujarati) date=03/12/2025 saved=today/colors-gujarati.json
[2025-12-03 12:42:42] SUCCESS: 117853 (Zee Bangla) date=03/12/2025 saved=today/zee-bangla.json
[2025-12-03 12:42:43] SUCCESS: 159125 (Sony SAB) date=03/12/2025 saved=today/sony-sab.json
[2025-12-03 12:42:43] SUCCESS: 157589 (Sony) date=03/12/2025 saved=today/sony.json
[2025-12-03 12:42:43] SUCCESS: 144478 (Zee TV) date=03/12/2025 saved=today/zee-tv.json
[2025-12-03 12:42:43] SUCCESS: 159130 (Star Bharat) date=03/12/2025 saved=today/star-bharat.json
[2025-12-03 12:42:43] SUCCESS: 143831 (Star Plus) date=03/12/2025 saved=today/star-plus.json
[2025-12-03 12:42:43] SUCCESS: 142495 (10TV) date=03/12/2025 saved=today/10tv.json
[2025-12-03 12:42:44] SUCCESS: 158144 (Colors) date=03/12/2025 saved=today/colors.json
[2025-12-03 12:42:44] SUCCESS: 142630 (Alankar) date=03/12/2025 saved=today/alankar.json
[2025-12-03 12:42:44] SUCCESS: 158136 (Aastha Telugu) date=03/12/2025 saved=today/aastha-telugu.json
[2025-12-03 12:42:44] SUCCESS: 142517 (ABN Andhra Jyothy) date=03/12/2025 saved=today/abn-andhra-jyothy.json
[2025-12-03 12:42:44] SUCCESS: 158135 (Aastha Gujarati) date=03/12/2025 saved=today/aastha-gujarati.json
[2025-12-03 12:42:44] SUCCESS: 158133 (Aastha) date=03/12/2025 saved=today/aastha.json
[2025-12-03 12:42:44] SUCCESS: 142514 (Aastha Bhajan) date=03/12/2025 saved=today/aastha-bhajan.json
[2025-12-03 12:42:44] SUCCESS: 142521 (ABP Majha) date=04/12/2025 saved=tomorrow/abp-majha.json
[2025-12-03 12:42:45] SUCCESS: 158134 (Aastha Kannada) date=03/12/2025 saved=today/aastha-kannada.json
[2025-12-03 12:42:45] SUCCESS: 142743 (CNBC TV18) date=04/12/2025 saved=tomorrow/cnbc-tv18.json
[2025-12-03 12:42:45] SUCCESS: 143133 (History TV18 HD) date=04/12/2025 saved=tomorrow/history-tv18-hd.json
[2025-12-03 12:42:45] SUCCESS: 143021 (ET Now) date=04/12/2025 saved=tomorrow/et-now.json
[2025-12-03 12:42:45] SUCCESS: 143197 (India Today) date=04/12/2025 saved=tomorrow/india-today.json
[2025-12-03 12:42:45] SUCCESS: 143723 (Republic TV) date=04/12/2025 saved=tomorrow/republic-tv.json
[2025-12-03 12:42:46] SUCCESS: 143558 (MTV) date=04/12/2025 saved=tomorrow/mtv.json
[2025-12-03 12:42:46] SUCCESS: 158251 (DD India) date=04/12/2025 saved=tomorrow/dd-india.json
[2025-12-03 12:42:46] SUCCESS: 143543 (Mirror Now) date=04/12/2025 saved=tomorrow/mirror-now.json
[2025-12-03 12:42:46] SUCCESS: 143888 (Surya TV) date=04/12/2025 saved=tomorrow/surya-tv.json
[2025-12-03 12:42:46] SUCCESS: 157590 (Sony Max) date=04/12/2025 saved=tomorrow/sony-max.json
[2025-12-03 12:42:46] SUCCESS: 159298 (Zee News) date=04/12/2025 saved=tomorrow/zee-news.json
[2025-12-03 12:42:47] SUCCESS: 143663 (Pogo) date=04/12/2025 saved=tomorrow/pogo.json
[2025-12-03 12:42:47] SUCCESS: 142771 (Dangal) date=04/12/2025 saved=tomorrow/dangal.json
[2025-12-03 12:42:47] SUCCESS: 157600 (ZOOM) date=04/12/2025 saved=tomorrow/zoom.json
[2025-12-03 12:42:47] SUCCESS: 144480 (Zee UP UK) date=04/12/2025 saved=tomorrow/zee-up-uk.json
[2025-12-03 12:42:47] SUCCESS: 157578 (Colors Infinity SD) date=04/12/2025 saved=tomorrow/colors-infinity-sd.json
[2025-12-03 12:42:47] SUCCESS: 117852 (Sun TV) date=04/12/2025 saved=tomorrow/sun-tv.json
[2025-12-03 12:42:47] SUCCESS: 157580 (Colors Marathi SD) date=04/12/2025 saved=tomorrow/colors-marathi-sd.json
[2025-12-03 12:42:47] SUCCESS: 157579 (Colors Kannada Cinema) date=04/12/2025 saved=tomorrow/colors-kannada-cinema.json
[2025-12-03 12:42:47] SUCCESS: 158141 (B4U Music) date=04/12/2025 saved=tomorrow/b4u-music.json
[2025-12-03 12:42:48] SUCCESS: 158146 (Colors Cineplex) date=04/12/2025 saved=tomorrow/colors-cineplex.json
[2025-12-03 12:42:48] SUCCESS: 142751 (Colors Gujarati Cinema) date=04/12/2025 saved=tomorrow/colors-gujarati-cinema.json
[2025-12-03 12:42:48] SUCCESS: 142748 (Colors Bangla Cinema) date=04/12/2025 saved=tomorrow/colors-bangla-cinema.json
[2025-12-03 12:42:48] Attempt 1 failed for 157580 on 03/12/2025: ReadTimeout(ReadTimeoutError("HTTPSConnectionPool(host='www.dishtv.in', port=443): Read timed out. (read timeout=15)"))
[2025-12-03 12:42:48] SUCCESS: 142800 (DD Punjabi) date=04/12/2025 saved=tomorrow/dd-punjabi.json
[2025-12-03 12:42:48] SUCCESS: 143030 (ETV Plus) date=04/12/2025 saved=tomorrow/etv-plus.json
[2025-12-03 12:42:48] SUCCESS: 144087 (WION) date=04/12/2025 saved=tomorrow/wion.json
[2025-12-03 12:42:49] SUCCESS: 142401 (Russia Today) date=04/12/2025 saved=tomorrow/russia-today.json
[2025-12-03 12:42:49] SUCCESS: 158023 (TLC) date=04/12/2025 saved=tomorrow/tlc.json
[2025-12-03 12:42:49] SUCCESS: 154897 (NTV) date=04/12/2025 saved=tomorrow/ntv.json
[2025-12-03 12:42:49] SUCCESS: 157591 (SONY SPORTS TEN1) date=04/12/2025 saved=tomorrow/sony-sports-ten1.json
[2025-12-03 12:42:49] SUCCESS: 158142 (BBC World News) date=04/12/2025 saved=tomorrow/bbc-world-news.json
[2025-12-03 12:42:49] SUCCESS: 159011 (Discovery Kids) date=04/12/2025 saved=tomorrow/discovery-kids.json
[2025-12-03 12:42:49] SUCCESS: 160750 (ALL Time MOVIES) date=04/12/2025 saved=tomorrow/all-time-movies.json
[2025-12-03 12:42:49] SUCCESS: 142683 (Assam Talks) date=04/12/2025 saved=tomorrow/assam-talks.json
[2025-12-03 12:42:50] SUCCESS: 142650 (Argus News) date=04/12/2025 saved=tomorrow/argus-news.json
[2025-12-03 12:42:50] SUCCESS: 142694 (B4U Bhojpuri) date=04/12/2025 saved=tomorrow/b4u-bhojpuri.json
[2025-12-03 12:42:50] SUCCESS: 140063 (B4U Movies) date=04/12/2025 saved=tomorrow/b4u-movies.json
[2025-12-03 12:42:50] SUCCESS: 142715 (Big Magic) date=04/12/2025 saved=tomorrow/big-magic.json
[2025-12-03 12:42:50] SUCCESS: 157576 (Cartoon Network) date=04/12/2025 saved=tomorrow/cartoon-network.json
[2025-12-03 12:42:50] SUCCESS: 158138 (ABP News) date=04/12/2025 saved=tomorrow/abp-news.json
[2025-12-03 12:42:50] SUCCESS: 77447 (9XM) date=04/12/2025 saved=tomorrow/9xm.json
[2025-12-03 12:42:50] SUCCESS: 157580 (Colors Marathi SD) date=03/12/2025 saved=today/colors-marathi-sd.json
[2025-12-03 12:42:51] SUCCESS: 143820 (Star Kiran) date=04/12/2025 saved=tomorrow/star-kiran.json
[2025-12-03 12:42:51] SUCCESS: 142507 (Aaj Tak) date=04/12/2025 saved=tomorrow/aaj-tak.json
[2025-12-03 12:42:51] SUCCESS: 142504 (9X Tashan) date=04/12/2025 saved=tomorrow/9x-tashan.json
[2025-12-03 12:42:51] SUCCESS: 142636 (And Flix HD) date=04/12/2025 saved=tomorrow/and-flix-hd.json
[2025-12-03 12:42:51] SUCCESS: 142639 (&Privé HD) date=04/12/2025 saved=tomorrow/privé-hd.json
[2025-12-03 12:42:51] SUCCESS: 90012 (9X Jhakaas) date=04/12/2025 saved=tomorrow/9x-jhakaas.json
[2025-12-03 12:42:51] SUCCESS: 143271 (Kolkata TV) date=04/12/2025 saved=tomorrow/kolkata-tv.json
[2025-12-03 12:42:51] SUCCESS: 143218 (Jalsha Movies) date=04/12/2025 saved=tomorrow/jalsha-movies.json
[2025-12-03 12:42:52] SUCCESS: 142510 (Aakash Aath) date=04/12/2025 saved=tomorrow/aakash-aath.json
[2025-12-03 12:42:52] SUCCESS: 144431 (Zee 24 Ghanta) date=04/12/2025 saved=tomorrow/zee-24-ghanta.json
[2025-12-03 12:42:52] SUCCESS: 144026 (TV9 Bangla) date=04/12/2025 saved=tomorrow/tv9-bangla.json
[2025-12-03 12:42:52] SUCCESS: 144028 (TV9 Gujarati) date=04/12/2025 saved=tomorrow/tv9-gujarati.json
[2025-12-03 12:42:52] SUCCESS: 142519 (ABP Asmita) date=04/12/2025 saved=tomorrow/abp-asmita.json
[2025-12-03 12:42:52] SUCCESS: 144432 (Zee 24 Kalak) date=04/12/2025 saved=tomorrow/zee-24-kalak.json
[2025-12-03 12:42:52] SUCCESS: 142518 (ABP Ananda) date=04/12/2025 saved=tomorrow/abp-ananda.json
[2025-12-03 12:42:53] SUCCESS: 157577 (Colors Bangla) date=04/12/2025 saved=tomorrow/colors-bangla.json
[2025-12-03 12:42:53] SUCCESS: 157968 (Sony Aath) date=04/12/2025 saved=tomorrow/sony-aath.json
[2025-12-03 12:42:53] SUCCESS: 142778 (DD Bangla) date=04/12/2025 saved=tomorrow/dd-bangla.json
[2025-12-03 12:42:53] SUCCESS: 158148 (Colors Gujarati) date=04/12/2025 saved=tomorrow/colors-gujarati.json
[2025-12-03 12:42:53] SUCCESS: 159125 (Sony SAB) date=04/12/2025 saved=tomorrow/sony-sab.json
[2025-12-03 12:42:53] SUCCESS: 117853 (Zee Bangla) date=04/12/2025 saved=tomorrow/zee-bangla.json
[2025-12-03 12:42:53] SUCCESS: 144478 (Zee TV) date=04/12/2025 saved=tomorrow/zee-tv.json
[2025-12-03 12:42:53] SUCCESS: 143818 (Star Jalsha) date=04/12/2025 saved=tomorrow/star-jalsha.json
[2025-12-03 12:42:53] SUCCESS: 157589 (Sony) date=04/12/2025 saved=tomorrow/sony.json
[2025-12-03 12:42:54] SUCCESS: 158144 (Colors) date=04/12/2025 saved=tomorrow/colors.json
[2025-12-03 12:42:54] SUCCESS: 159130 (Star Bharat) date=04/12/2025 saved=tomorrow/star-bharat.json
[2025-12-03 12:42:54] SUCCESS: 143831 (Star Plus) date=04/12/2025 saved=tomorrow/star-plus.json
[2025-12-03 12:42:54] SUCCESS: 142495 (10TV) date=04/12/2025 saved=tomorrow/10tv.json
[2025-12-03 12:42:54] SUCCESS: 142630 (Alankar) date=04/12/2025 saved=tomorrow/alankar.json
[2025-12-03 12:42:54] SUCCESS: 142517 (ABN Andhra Jyothy) date=04/12/2025 saved=tomorrow/abn-andhra-jyothy.json
[2025-12-03 12:42:54] SUCCESS: 158136 (Aastha Telugu) date=04/12/2025 saved=tomorrow/aastha-telugu.json
[2025-12-03 12:42:54] SUCCESS: 158134 (Aastha Kannada) date=04/12/2025 saved=tomorrow/aastha-kannada.json
[2025-12-03 12:42:55] SUCCESS: 158135 (Aastha Gujarati) date=04/12/2025 saved=tomorrow/aastha-gujarati.json
[2025-12-03 12:42:55] SUCCESS: 158133 (Aastha) date=04/12/2025 saved=tomorrow/aastha.json
[2025-12-03 12:42:55] SUCCESS: 142514 (Aastha Bhajan) date=04/12/2025 saved=tomorrow/aastha-bhajan.json
